<?xml version='1.0' encoding='UTF-8'?>
<testsuite hostname="Peters-MacBook-Pro.local" name="HelloWorldTest" tests="1" errors="0" failures="0" skipped="0" time="0.023" timestamp="2020-12-01T13:19:57">
                     <properties>
[...]
</properties>
                     <testcase classname="HelloWorldTest" name="Say Hi!" time="0.023">
                                                 
                                               </testcase>
                     <system-out><![CDATA[]]></system-out>
                     <system-err><![CDATA[]]></system-err>
                   </testsuite>